<?xml version="1.0" encoding="UTF-8"?>
<testsuite xmlns:xsi="http://www.w3.org/2001/XMLSchema-instance" xsi:noNamespaceSchemaLocation="https://maven.apache.org/surefire/maven-surefire-plugin/xsd/surefire-test-report.xsd" name="com.safecustody.sdk.AppTest" time="0" tests="1" errors="0" skipped="0" failures="0">
  <properties>
    <property name="socksProxyHost" value="127.0.0.1"/>
    <property name="java.specification.version" value="15"/>
    <property name="sun.jnu.encoding" value="UTF-8"/>
    <property name="java.class.path" value="/Users/xudong/safecustody/githup/safecustody_sdk_java/safecustody/target/test-classes:/Users/xudong/safecustody/githup/safecustody_sdk_java/safecustody/target/classes:/Users/xudong/.m2/repository/com/alibaba/fastjson/1.2.47/fastjson-1.2.47.jar:/Users/xudong/.m2/repository/junit/junit/4.11/junit-4.11.jar:/Users/xudong/.m2/repository/org/hamcrest/hamcrest-core/1.3/hamcrest-core-1.3.jar:"/>
    <property name="java.vm.vendor" value="Oracle Corporation"/>
    <property name="sun.arch.data.model" value="64"/>
    <property name="java.vendor.url" value="https://java.oracle.com/"/>
    <property name="os.name" value="Mac OS X"/>
    <property name="java.vm.specification.version" value="15"/>
    <property name="sun.java.launcher" value="SUN_STANDARD"/>
    <property name="user.country" value="CN"/>
    <property name="sun.boot.library.path" value="/Library/Java/JavaVirtualMachines/jdk-15.0.1.jdk/Contents/Home/lib"/>
    <property name="sun.java.command" value="/Users/xudong/safecustody/githup/safecustody_sdk_java/safecustody/target/surefire/surefirebooter14457202917386328941.jar /Users/xudong/safecustody/githup/safecustody_sdk_java/safecustody/target/surefire 2021-01-19T18-51-08_655-jvmRun1 surefire3117270820539363119tmp surefire_015028516997388481930tmp"/>
    <property name="http.nonProxyHosts" value="127.0.0.1| 192.168.0.0/16|*. 192.168.0.0/16| 172.16.0.0/12|*. 172.16.0.0/12| 10.0.0.0/8|*. 10.0.0.0/8| localhost|*. localhost"/>
    <property name="jdk.debug" value="release"/>
    <property name="surefire.test.class.path" value="/Users/xudong/safecustody/githup/safecustody_sdk_java/safecustody/target/test-classes:/Users/xudong/safecustody/githup/safecustody_sdk_java/safecustody/target/classes:/Users/xudong/.m2/repository/com/alibaba/fastjson/1.2.47/fastjson-1.2.47.jar:/Users/xudong/.m2/repository/junit/junit/4.11/junit-4.11.jar:/Users/xudong/.m2/repository/org/hamcrest/hamcrest-core/1.3/hamcrest-core-1.3.jar:"/>
    <property name="sun.cpu.endian" value="little"/>
    <property name="user.home" value="/Users/xudong"/>
    <property name="user.language" value="zh"/>
    <property name="java.specification.vendor" value="Oracle Corporation"/>
    <property name="java.version.date" value="2020-10-20"/>
    <property name="java.home" value="/Library/Java/JavaVirtualMachines/jdk-15.0.1.jdk/Contents/Home"/>
    <property name="file.separator" value="/"/>
    <property name="basedir" value="/Users/xudong/safecustody/githup/safecustody_sdk_java/safecustody"/>
    <property name="java.vm.compressedOopsMode" value="Zero based"/>
    <property name="line.separator" value="&#10;"/>
    <property name="java.vm.specification.vendor" value="Oracle Corporation"/>
    <property name="java.specification.name" value="Java Platform API Specification"/>
    <property name="surefire.real.class.path" value="/Users/xudong/safecustody/githup/safecustody_sdk_java/safecustody/target/surefire/surefirebooter14457202917386328941.jar"/>
    <property name="user.script" value="Hans"/>
    <property name="sun.management.compiler" value="HotSpot 64-Bit Tiered Compilers"/>
    <property name="ftp.nonProxyHosts" value="127.0.0.1| 192.168.0.0/16|*. 192.168.0.0/16| 172.16.0.0/12|*. 172.16.0.0/12| 10.0.0.0/8|*. 10.0.0.0/8| localhost|*. localhost"/>
    <property name="java.runtime.version" value="15.0.1+9-18"/>
    <property name="user.name" value="xudong"/>
    <property name="path.separator" value=":"/>
    <property name="os.version" value="10.15.7"/>
    <property name="java.runtime.name" value="Java(TM) SE Runtime Environment"/>
    <property name="file.encoding" value="UTF-8"/>
    <property name="java.vm.name" value="Java HotSpot(TM) 64-Bit Server VM"/>
    <property name="localRepository" value="/Users/xudong/.m2/repository"/>
    <property name="java.vendor.url.bug" value="https://bugreport.java.com/bugreport/"/>
    <property name="java.io.tmpdir" value="/var/folders/q8/5wn3pnd5639c3hrh9ydyxzgh0000gn/T/"/>
    <property name="java.version" value="15.0.1"/>
    <property name="user.dir" value="/Users/xudong/safecustody/githup/safecustody_sdk_java/safecustody"/>
    <property name="os.arch" value="x86_64"/>
    <property name="socksProxyPort" value="10808"/>
    <property name="java.vm.specification.name" value="Java Virtual Machine Specification"/>
    <property name="java.library.path" value="/Users/xudong/Library/Java/Extensions:/Library/Java/Extensions:/Network/Library/Java/Extensions:/System/Library/Java/Extensions:/usr/lib/java:."/>
    <property name="java.vm.info" value="mixed mode, sharing"/>
    <property name="java.vendor" value="Oracle Corporation"/>
    <property name="java.vm.version" value="15.0.1+9-18"/>
    <property name="sun.io.unicode.encoding" value="UnicodeBig"/>
    <property name="socksNonProxyHosts" value="127.0.0.1| 192.168.0.0/16|*. 192.168.0.0/16| 172.16.0.0/12|*. 172.16.0.0/12| 10.0.0.0/8|*. 10.0.0.0/8| localhost|*. localhost"/>
    <property name="java.class.version" value="59.0"/>
  </properties>
  <testcase name="shouldAnswerWithTrue" classname="com.safecustody.sdk.AppTest" time="0"/>
</testsuite>